[debug] [2022-12-14T05:59:55.319Z] ----------------------------------------------------------------------
[debug] [2022-12-14T05:59:55.322Z] Command:       C:\Program Files\nodejs\node.exe C:\Users\Dell\AppData\Roaming\npm\node_modules\firebase-tools\lib\bin\firebase.js init hosting
[debug] [2022-12-14T05:59:55.322Z] CLI Version:   11.18.0
[debug] [2022-12-14T05:59:55.322Z] Platform:      win32
[debug] [2022-12-14T05:59:55.322Z] Node Version:  v16.13.2
[debug] [2022-12-14T05:59:55.323Z] Time:          Wed Dec 14 2022 11:59:55 GMT+0600 (Bangladesh Standard Time)
[debug] [2022-12-14T05:59:55.324Z] ----------------------------------------------------------------------
[debug] 
[debug] [2022-12-14T05:59:55.391Z] > command requires scopes: ["email","openid","https://www.googleapis.com/auth/cloudplatformprojects.readonly","https://www.googleapis.com/auth/firebase","https://www.googleapis.com/auth/cloud-platform"]
[debug] [2022-12-14T05:59:55.392Z] > authorizing via signed-in user (nowrin.cse18@gmail.com)
[info] 
     ######## #### ########  ######## ########     ###     ######  ########
     ##        ##  ##     ## ##       ##     ##  ##   ##  ##       ##
     ######    ##  ########  ######   ########  #########  ######  ######
     ##        ##  ##    ##  ##       ##     ## ##     ##       ## ##
     ##       #### ##     ## ######## ########  ##     ##  ######  ########

You're about to initialize a Firebase project in this directory:

  D:\Full Stack Web Development\Backend\hr-care-client

Before we get started, keep in mind:

  * You are initializing within an existing Firebase project directory

[info] 
=== Project Setup
[info] 
[info] First, let's associate this project directory with a Firebase project.
[info] You can create multiple project aliases by running firebase use --add, 
[info] but for now we'll just set up a default project.
[info] 
[debug] [2022-12-14T05:59:59.027Z] Using project from CLI flag: hr-care-6befb
[debug] [2022-12-14T05:59:59.029Z] >>> [apiv2][query] GET https://firebase.googleapis.com/v1beta1/projects/hr-care-6befb [none]
[debug] [2022-12-14T05:59:59.621Z] <<< [apiv2][status] GET https://firebase.googleapis.com/v1beta1/projects/hr-care-6befb 403
[debug] [2022-12-14T05:59:59.621Z] <<< [apiv2][body] GET https://firebase.googleapis.com/v1beta1/projects/hr-care-6befb {"error":{"code":403,"message":"The caller does not have permission","status":"PERMISSION_DENIED"}}
[debug] [2022-12-14T05:59:59.622Z] HTTP Error: 403, The caller does not have permission
[debug] [2022-12-14T05:59:59.788Z] FirebaseError: HTTP Error: 403, The caller does not have permission
    at responseToError (C:\Users\Dell\AppData\Roaming\npm\node_modules\firebase-tools\lib\responseToError.js:49:12)
    at RetryOperation._fn (C:\Users\Dell\AppData\Roaming\npm\node_modules\firebase-tools\lib\apiv2.js:288:77)
    at processTicksAndRejections (node:internal/process/task_queues:96:5)
[error] 
[error] Error: Failed to get Firebase project hr-care-6befb. Please make sure the project exists and your account has permission to access it.
[debug] [2022-12-14T06:00:18.810Z] ----------------------------------------------------------------------
[debug] [2022-12-14T06:00:18.811Z] Command:       C:\Program Files\nodejs\node.exe C:\Users\Dell\AppData\Roaming\npm\node_modules\firebase-tools\lib\bin\firebase.js init hosting
[debug] [2022-12-14T06:00:18.811Z] CLI Version:   11.18.0
[debug] [2022-12-14T06:00:18.811Z] Platform:      win32
[debug] [2022-12-14T06:00:18.811Z] Node Version:  v16.13.2
[debug] [2022-12-14T06:00:18.812Z] Time:          Wed Dec 14 2022 12:00:18 GMT+0600 (Bangladesh Standard Time)
[debug] [2022-12-14T06:00:18.812Z] ----------------------------------------------------------------------
[debug] 
[debug] [2022-12-14T06:00:18.865Z] > command requires scopes: ["email","openid","https://www.googleapis.com/auth/cloudplatformprojects.readonly","https://www.googleapis.com/auth/firebase","https://www.googleapis.com/auth/cloud-platform"]
[debug] [2022-12-14T06:00:18.865Z] > authorizing via signed-in user (nowrin.cse18@gmail.com)
[info] 
     ######## #### ########  ######## ########     ###     ######  ########
     ##        ##  ##     ## ##       ##     ##  ##   ##  ##       ##
     ######    ##  ########  ######   ########  #########  ######  ######
     ##        ##  ##    ##  ##       ##     ## ##     ##       ## ##
     ##       #### ##     ## ######## ########  ##     ##  ######  ########

You're about to initialize a Firebase project in this directory:

  D:\Full Stack Web Development\Backend\hr-care-client

Before we get started, keep in mind:

  * You are initializing within an existing Firebase project directory

[info] 
=== Project Setup
[info] 
[info] First, let's associate this project directory with a Firebase project.
[info] You can create multiple project aliases by running firebase use --add, 
[info] but for now we'll just set up a default project.
[info] 
[debug] [2022-12-14T06:00:33.384Z] Using project from CLI flag: hr-care-6befb
[debug] [2022-12-14T06:00:33.386Z] >>> [apiv2][query] GET https://firebase.googleapis.com/v1beta1/projects/hr-care-6befb [none]
[debug] [2022-12-14T06:00:33.919Z] <<< [apiv2][status] GET https://firebase.googleapis.com/v1beta1/projects/hr-care-6befb 403
[debug] [2022-12-14T06:00:33.919Z] <<< [apiv2][body] GET https://firebase.googleapis.com/v1beta1/projects/hr-care-6befb {"error":{"code":403,"message":"The caller does not have permission","status":"PERMISSION_DENIED"}}
[debug] [2022-12-14T06:00:33.920Z] HTTP Error: 403, The caller does not have permission
[debug] [2022-12-14T06:00:34.092Z] FirebaseError: HTTP Error: 403, The caller does not have permission
    at responseToError (C:\Users\Dell\AppData\Roaming\npm\node_modules\firebase-tools\lib\responseToError.js:49:12)
    at RetryOperation._fn (C:\Users\Dell\AppData\Roaming\npm\node_modules\firebase-tools\lib\apiv2.js:288:77)
    at processTicksAndRejections (node:internal/process/task_queues:96:5)
[error] 
[error] Error: Failed to get Firebase project hr-care-6befb. Please make sure the project exists and your account has permission to access it.
